<?xml version="1.0" encoding="UTF-8"?>
<!-- Generated by org.testng.reporters.JUnitXMLReporter -->
<testsuite ignored="0" hostname="AjayBasireddy" failures="0" tests="3" name="LoginTest" time="13.276" errors="0" timestamp="2024-02-17T21:54:38 IST">
  <testcase classname="com.OrangeHrmApplication.Testinglibary.LoginpageTestText" name="orangeHRMApplicationLogInPage_logInPannelTextTest" time="0.129"/>
  <testcase classname="com.OrangeHrmApplication.Testinglibary.LoginpageTestText" name="orangeHRMApplicationLogInPage_LogoValidationTest" time="0.115"/>
  <testcase classname="com.OrangeHrmApplication.Testinglibary.LoginpageTestText" name="orangeHRMApplicationLogInPage_LogInTest" time="2.341"/>
</testsuite> <!-- LoginTest -->
