<?xml version="1.0" encoding="UTF-8"?>
<testng-results ignored="0" total="3" passed="2" failed="1" skipped="0">
  <reporter-output>
  </reporter-output>
  <suite started-at="2024-02-16T20:01:32 IST" name="Default suite" finished-at="2024-02-16T20:01:38 IST" duration-ms="5036">
    <groups>
    </groups>
    <test started-at="2024-02-16T20:01:32 IST" name="Default test" finished-at="2024-02-16T20:01:38 IST" duration-ms="5036">
      <class name="com.orangeHrmTestAddempolye.OrangeHrmAddempolye">
        <test-method is-config="true" signature="setup()[pri:0, instance:com.orangeHrmTestAddempolye.OrangeHrmAddempolye@69e153c5]" started-at="2024-02-16T20:01:33 IST" name="setup" finished-at="2024-02-16T20:01:36 IST" duration-ms="3062" status="PASS">
          <reporter-output>
          </reporter-output>
        </test-method> <!-- setup -->
        <test-method signature="welcomepage()[pri:1, instance:com.orangeHrmTestAddempolye.OrangeHrmAddempolye@69e153c5]" started-at="2024-02-16T20:01:36 IST" name="welcomepage" description="The Login the userDetails" finished-at="2024-02-16T20:01:37 IST" duration-ms="1166" status="PASS">
          <reporter-output>
          </reporter-output>
        </test-method> <!-- welcomepage -->
        <test-method signature="addempolye()[pri:2, instance:com.orangeHrmTestAddempolye.OrangeHrmAddempolye@69e153c5]" started-at="2024-02-16T20:01:37 IST" name="addempolye" description="addempolyeDetails" finished-at="2024-02-16T20:01:38 IST" duration-ms="732" status="PASS">
          <reporter-output>
          </reporter-output>
        </test-method> <!-- addempolye -->
        <test-method signature="empolyelist()[pri:3, instance:com.orangeHrmTestAddempolye.OrangeHrmAddempolye@69e153c5]" started-at="2024-02-16T20:01:38 IST" name="empolyelist" description="The orangeHrmLOgin Details canbe see them" finished-at="2024-02-16T20:01:38 IST" duration-ms="20" status="FAIL">
          <exception class="java.io.FileNotFoundException">
            <message>
              <![CDATA[.\src\main\java\testDataFiles\LoginTestDataFiles.xlsx (The system cannot find the path specified)]]>
            </message>
            <full-stacktrace>
              <![CDATA[java.io.FileNotFoundException: .\src\main\java\testDataFiles\LoginTestDataFiles.xlsx (The system cannot find the path specified)
at java.base/java.io.FileInputStream.open0(Native Method)
at java.base/java.io.FileInputStream.open(FileInputStream.java:219)
at java.base/java.io.FileInputStream.<init>(FileInputStream.java:157)
at java.base/java.io.FileInputStream.<init>(FileInputStream.java:112)
at com.orangeHrmTestAddempolye.OrangeHrmAddempolye.empolyelist(OrangeHrmAddempolye.java:78)
at java.base/jdk.internal.reflect.NativeMethodAccessorImpl.invoke0(Native Method)
at java.base/jdk.internal.reflect.NativeMethodAccessorImpl.invoke(NativeMethodAccessorImpl.java:62)
at java.base/jdk.internal.reflect.DelegatingMethodAccessorImpl.invoke(DelegatingMethodAccessorImpl.java:43)
at java.base/java.lang.reflect.Method.invoke(Method.java:566)
at org.testng.internal.invokers.MethodInvocationHelper.invokeMethod(MethodInvocationHelper.java:139)
at org.testng.internal.invokers.TestInvoker.invokeMethod(TestInvoker.java:664)
at org.testng.internal.invokers.TestInvoker.invokeTestMethod(TestInvoker.java:227)
at org.testng.internal.invokers.MethodRunner.runInSequence(MethodRunner.java:50)
at org.testng.internal.invokers.TestInvoker$MethodInvocationAgent.invoke(TestInvoker.java:957)
at org.testng.internal.invokers.TestInvoker.invokeTestMethods(TestInvoker.java:200)
at org.testng.internal.invokers.TestMethodWorker.invokeTestMethods(TestMethodWorker.java:148)
at org.testng.internal.invokers.TestMethodWorker.run(TestMethodWorker.java:128)
at java.base/java.util.ArrayList.forEach(ArrayList.java:1541)
at org.testng.TestRunner.privateRun(TestRunner.java:848)
at org.testng.TestRunner.run(TestRunner.java:621)
at org.testng.SuiteRunner.runTest(SuiteRunner.java:443)
at org.testng.SuiteRunner.runSequentially(SuiteRunner.java:437)
at org.testng.SuiteRunner.privateRun(SuiteRunner.java:397)
at org.testng.SuiteRunner.run(SuiteRunner.java:336)
at org.testng.SuiteRunnerWorker.runSuite(SuiteRunnerWorker.java:52)
at org.testng.SuiteRunnerWorker.run(SuiteRunnerWorker.java:95)
at org.testng.TestNG.runSuitesSequentially(TestNG.java:1280)
at org.testng.TestNG.runSuitesLocally(TestNG.java:1200)
at org.testng.TestNG.runSuites(TestNG.java:1114)
at org.testng.TestNG.run(TestNG.java:1082)
at org.testng.remote.AbstractRemoteTestNG.run(AbstractRemoteTestNG.java:115)
at org.testng.remote.RemoteTestNG.initAndRun(RemoteTestNG.java:251)
at org.testng.remote.RemoteTestNG.main(RemoteTestNG.java:77)
]]>
            </full-stacktrace>
          </exception> <!-- java.io.FileNotFoundException -->
          <reporter-output>
          </reporter-output>
        </test-method> <!-- empolyelist -->
      </class> <!-- com.orangeHrmTestAddempolye.OrangeHrmAddempolye -->
    </test> <!-- Default test -->
  </suite> <!-- Default suite -->
</testng-results>
